#-----------------------------------------------------------
# Vivado v2019.2 (64-bit)
# SW Build 2708876 on Wed Nov  6 21:40:23 MST 2019
# IP Build 2700528 on Thu Nov  7 00:09:20 MST 2019
# Start of session at: Sun Aug  2 15:08:55 2020
# Process ID: 10520
# Current directory: C:/Users/kxdn/Desktop/DA_ZYNQ-master
# Command line: vivado.exe -gui_launcher_event rodinguilauncherevent8196 C:\Users\kxdn\Desktop\DA_ZYNQ-master\dds_1.xpr
# Log file: C:/Users/kxdn/Desktop/DA_ZYNQ-master/vivado.log
# Journal file: C:/Users/kxdn/Desktop/DA_ZYNQ-master\vivado.jou
#-----------------------------------------------------------
start_guioopen_project C:/Users/kxdn/Desktop/DA_ZYNQ-master/dds_1.xpr
Scanning sources...
Finished scanning sources
WARNING: [filemgmt 56-3] IP Repository Path: Could not find the directory 'e:/soft_projects/fpga_minist/code/mnist_fpga-master/mnist_fpga-master/ipcore_dir'.
INFO: [IP_Flow 19-234] Refreshing IP repositories
WARNING: [IP_Flow 19-2248] Failed to load user IP repository 'e:/soft_projects/fpga_minist/code/mnist_fpga-master/mnist_fpga-master/ipcore_dir'; Can't find the specified path.
If this directory should no longer be in your list of user repositories, go to the IP Settings dialog and remove it.
WARNING: [IP_Flow 19-3685] Ignored loading user repository 'c:/Users/kxdn/Desktop/DA_ZYNQ-master/dds_1.srcs/sources_1/ip'. The path is contained within another repository.
WARNING: [IP_Flow 19-3685] Ignored loading user repository 'c:/Users/kxdn/Desktop/DA_ZYNQ-master/dds_1.srcs/sources_1/ip/dds_addr'. The path is contained within another repository.
INFO: [IP_Flow 19-1700] Loaded user IP repository 'c:/Users/kxdn/Desktop/DA_ZYNQ-master/dds_1.srcs/sources_1'.
INFO: [IP_Flow 19-2313] Loaded Vivado IP repository 'D:/vivado/Vivado/2019.2/data/ip'.
open_project: Time (s): cpu = 00:00:23 ; elapsed = 00:00:11 . Memory (MB): peak = 912.879 ; gain = 265.191
update_compile_order -fileset sources_1exit
INFO: [Common 17-206] Exiting Vivado at Sun Aug  2 15:12:18 2020...
synth_2 -flow {Vivado Synthesis 2019} -strategy {Vivado Synthesis Defaults} -report_strategy {Vivado Synthesis Default Reports}
Run is defaulting to srcset: sources_1
Run is defaulting to constrset: constrs_1
Run is defaulting to part: xc7z020clg400-2
current_run [get_runs synth_2]
set_property part xc7s15ftgb196-1 [current_project]
WARNING: [IP_Flow 19-2162] IP 'dds_addr_0' is locked:
* IP 'dds_addr_0' does not support the current project part 'xc7s15ftgb196-1'. Note that part differences may result in undefined behavior.
WARNING: [IP_Flow 19-2162] IP 'rom' is locked:
* Current project part 'xc7s15ftgb196-1' and the part 'xc7z020clg400-2' used to customize the IP 'rom' do not match.
exit
INFO: [Common 17-206] Exiting Vivado at Sun Aug  2 15:11:23 2020...
