#-----------------------------------------------------------
# Vivado v2019.2 (64-bit)
# SW Build 2708876 on Wed Nov  6 21:40:23 MST 2019
# IP Build 2700528 on Thu Nov  7 00:09:20 MST 2019
# Start of session at: Sun Aug  2 11:19:28 2020
# Process ID: 4700
# Current directory: C:/Users/kxdn/Desktop/DA_ZYNQ-master
# Command line: vivado.exe -gui_launcher_event rodinguilauncherevent7528 C:\Users\kxdn\Desktop\DA_ZYNQ-master\dds_1.xpr
# Log file: C:/Users/kxdn/Desktop/DA_ZYNQ-master/vivado.log
# Journal file: C:/Users/kxdn/Desktop/DA_ZYNQ-master\vivado.jou
#-----------------------------------------------------------
start_gui
open_project C:/Users/kxdn/Desktop/DA_ZYNQ-master/dds_1.xpr
Scanning sources...
Finished scanning sources
WARNING: [filemgmt 56-3] IP Repository Path: Could not find the directory 'e:/soft_projects/fpga_minist/code/mnist_fpga-master/mnist_fpga-master/ipcore_dir'.
INFO: [IP_Flow 19-234] Refreshing IP repositories
WARNING: [IP_Flow 19-2248] Failed to load user IP repository 'e:/soft_projects/fpga_minist/code/mnist_fpga-master/mnist_fpga-master/ipcore_dir'; Can't find the specified path.
If this directory should no longer be in your list of user repositories, go to the IP Settings dialog and remove it.
WARNING: [IP_Flow 19-3685] Ignored loading user repository 'c:/Users/kxdn/Desktop/DA_ZYNQ-master/dds_1.srcs/sources_1/ip'. The path is contained within another repository.
WARNING: [IP_Flow 19-3685] Ignored loading user repository 'c:/Users/kxdn/Desktop/DA_ZYNQ-master/dds_1.srcs/sources_1/ip/dds_addr'. The path is contained within another repository.
INFO: [IP_Flow 19-1700] Loaded user IP repository 'c:/Users/kxdn/Desktop/DA_ZYNQ-master/dds_1.srcs/sources_1'.
INFO: [IP_Flow 19-2313] Loaded Vivado IP repository 'D:/vivado/Vivado/2019.2/data/ip'.
open_project: Time (s): cpu = 00:00:19 ; elapsed = 00:00:08 . Memory (MB): peak = 933.109 ; gain = 239.246
update_compile_order -fileset sources_1
reset_run rom_synth_1
WARNING: [Vivado 12-1017] Problems encountered:
1. Failed to delete one or more files in run directory C:/Users/kxdn/Desktop/DA_ZYNQ-master/dds_1.runs/rom_synth_1

reset_run synth_1
WARNING: [Vivado 12-1017] Problems encountered:
1. Failed to delete one or more files in run directory C:/Users/kxdn/Desktop/DA_ZYNQ-master/dds_1.runs/synth_1

launch_runs synth_1 -jobs 4
INFO: [IP_Flow 19-1686] Generating 'Synthesis' target for IP 'rom'...
[Sun Aug  2 11:20:48 2020] Launched rom_synth_1...
Run output will be captured here: C:/Users/kxdn/Desktop/DA_ZYNQ-master/dds_1.runs/rom_synth_1/runme.log
[Sun Aug  2 11:20:48 2020] Launched synth_1...
Run output will be captured here: C:/Users/kxdn/Desktop/DA_ZYNQ-master/dds_1.runs/synth_1/runme.log
launch_runs impl_1 -jobs 4
[Sun Aug  2 11:20:58 2020] Launched rom_synth_1, synth_1...
Run output will be captured here:
rom_synth_1: C:/Users/kxdn/Desktop/DA_ZYNQ-master/dds_1.runs/rom_synth_1/runme.log
synth_1: C:/Users/kxdn/Desktop/DA_ZYNQ-master/dds_1.runs/synth_1/runme.log
[Sun Aug  2 11:20:58 2020] Launched impl_1...
Run output will be captured here: C:/Users/kxdn/Desktop/DA_ZYNQ-master/dds_1.runs/impl_1/runme.log
launch_simulation
Command: launch_simulation 
boost::filesystem::remove: 另一个程序正在使用此文件，进程无法访问。: "C:/Users/kxdn/Desktop/DA_ZYNQ-master/dds_1.sim/sim_1/behav/xsim/simulate.log"
