#-----------------------------------------------------------
# Vivado v2019.2 (64-bit)
# SW Build 2708876 on Wed Nov  6 21:40:23 MST 2019
# IP Build 2700528 on Thu Nov  7 00:09:20 MST 2019
# Start of session at: Sun Aug  2 17:21:32 2020
# Process ID: 8196
# Current directory: C:/Users/kxdn/Desktop/Generator SSS
# Command line: vivado.exe -gui_launcher_event rodinguilauncherevent11992 C:\Users\kxdn\Desktop\Generator SSS\Generator SSS.xpr
# Log file: C:/Users/kxdn/Desktop/Generator SSS/vivado.log
# Journal file: C:/Users/kxdn/Desktop/Generator SSS\vivado.jou
#-----------------------------------------------------------
start_gui
open_project {C:/Users/kxdn/Desktop/Generator SSS/Generator SSS.xpr}
INFO: [Project 1-313] Project file moved from 'C:/Users/kxdn/Desktop/项目/波形发生器/Generator SSS' since last save.
Scanning sources...
Finished scanning sources
INFO: [IP_Flow 19-234] Refreshing IP repositories
INFO: [IP_Flow 19-1704] No user IP repositories specified
INFO: [IP_Flow 19-2313] Loaded Vivado IP repository 'D:/vivado/Vivado/2019.2/data/ip'.
open_project: Time (s): cpu = 00:00:23 ; elapsed = 00:00:11 . Memory (MB): peak = 908.195 ; gain = 258.344
update_compile_order -fileset sources_1
reset_run synth_1
launch_runs synth_1 -jobs 4
[Sun Aug  2 17:22:17 2020] Launched synth_1...
Run output will be captured here: C:/Users/kxdn/Desktop/Generator SSS/Generator SSS.runs/synth_1/runme.log
launch_runs impl_1 -jobs 4
[Sun Aug  2 17:23:34 2020] Launched impl_1...
Run output will be captured here: C:/Users/kxdn/Desktop/Generator SSS/Generator SSS.runs/impl_1/runme.log
launch_runs impl_1 -to_step write_bitstream -jobs 4
[Sun Aug  2 17:25:11 2020] Launched impl_1...
Run output will be captured here: C:/Users/kxdn/Desktop/Generator SSS/Generator SSS.runs/impl_1/runme.log
reset_run synth_1
launch_runs impl_1 -to_step write_bitstream -jobs 4
[Sun Aug  2 17:27:36 2020] Launched synth_1...
Run output will be captured here: C:/Users/kxdn/Desktop/Generator SSS/Generator SSS.runs/synth_1/runme.log
[Sun Aug  2 17:27:36 2020] Launched impl_1...
Run output will be captured here: C:/Users/kxdn/Desktop/Generator SSS/Generator SSS.runs/impl_1/runme.log
open_hw_manager
close_hw_manager
add_files -fileset utils_1 -norecurse {{C:/Users/kxdn/Desktop/Generator SSS/name.tcl}}
set_property STEPS.WRITE_BITSTREAM.TCL.PRE [ get_files {{C:/Users/kxdn/Desktop/Generator SSS/name.tcl}} -of [get_fileset utils_1] ] [get_runs impl_1]
reset_run impl_1 -prev_step 
launch_runs impl_1 -to_step write_bitstream -jobs 4
[Sun Aug  2 17:39:37 2020] Launched impl_1...
Run output will be captured here: C:/Users/kxdn/Desktop/Generator SSS/Generator SSS.runs/impl_1/runme.log
exit
INFO: [Common 17-206] Exiting Vivado at Sun Aug  2 17:44:14 2020...
