#-----------------------------------------------------------
# Vivado v2019.2 (64-bit)
# SW Build 2708876 on Wed Nov  6 21:40:23 MST 2019
# IP Build 2700528 on Thu Nov  7 00:09:20 MST 2019
# Start of session at: Sun Aug  2 16:15:37 2020
# Process ID: 4960
# Current directory: C:/Users/kxdn/Desktop/项目/波形发生器/Generator SSS
# Command line: vivado.exe -gui_launcher_event rodinguilauncherevent11124 C:\Users\kxdn\Desktop\项目\波形发生器\Generator SSS\Generator SSS.xpr
# Log file: C:/Users/kxdn/Desktop/项目/波形发生器/Generator SSS/vivado.log
# Journal file: C:/Users/kxdn/Desktop/项目/波形发生器/Generator SSS\vivado.jou
#-----------------------------------------------------------sstart_guiopen_project {C:/Users/kxdn/Desktop/项目/波形发生器/Generator SSS/Generator SSS.xpr}
INFO: [Project 1-313] Project file moved from 'C:/Users/kxdn/Desktop/Generator/Generator SSS' since last save.
Scanning sources...
Finished scanning sources
INFO: [IP_Flow 19-234] Refreshing IP repositories
INFO: [IP_Flow 19-1704] No user IP repositories specified
INFO: [IP_Flow 19-2313] Loaded Vivado IP repository 'D:/vivado/Vivado/2019.2/data/ip'.
open_project: Time (s): cpu = 00:00:27 ; elapsed = 00:00:13 . Memory (MB): peak = 883.969 ; gain = 246.250
update_compile_order -fileset sources_1
launch_runs impl_1 -to_step write_bitstream -jobs 4
[Sun Aug  2 16:17:48 2020] Launched impl_1...
Run output will be captured here: C:/Users/kxdn/Desktop/项目/波形发生器/Generator SSS/Generator SSS.runs/impl_1/runme.log
open_run impl_1
INFO: [Device 21-403] Loading part xc7s15ftgb196-1
Netlist sorting complete. Time (s): cpu = 00:00:01 ; elapsed = 00:00:00.121 . Memory (MB): peak = 1164.840 ; gain = 0.000
INFO: [Netlist 29-17] Analyzing 257 Unisim elements for replacement
INFO: [Netlist 29-28] Unisim Transformation completed in 0 CPU seconds
INFO: [Project 1-479] Netlist was created with Vivado 2019.2
INFO: [Project 1-570] Preparing netlist for logic optimization
INFO: [Timing 38-478] Restoring timing data from binary archive.
INFO: [Timing 38-479] Binary timing data restore complete.
INFO: [Project 1-856] Restoring constraints from binary archive.
INFO: [Project 1-853] Binary constraint restore complete.
Reading XDEF placement.
Reading placer database...
Reading XDEF routing.
Read XDEF File: Time (s): cpu = 00:00:01 ; elapsed = 00:00:00.206 . Memory (MB): peak = 1749.355 ; gain = 0.000
Restored from archive | CPU: 1.000000 secs | Memory: 0.000000 MB |
Finished XDEF File Restore: Time (s): cpu = 00:00:01 ; elapsed = 00:00:00.207 . Memory (MB): peak = 1749.355 ; gain = 0.000
Netlist sorting complete. Time (s): cpu = 00:00:00 ; elapsed = 00:00:00.004 . Memory (MB): peak = 1749.355 ; gain = 0.000
INFO: [Project 1-111] Unisim Transformation Summary:
No Unisim elements were transformed.

open_run: Time (s): cpu = 00:00:34 ; elapsed = 00:00:24 . Memory (MB): peak = 1839.793 ; gain = 782.352
open_report: Time (s): cpu = 00:00:08 ; elapsed = 00:00:05 . Memory (MB): peak = 1839.793 ; gain = 0.000
exit
INFO: [Common 17-206] Exiting Vivado at Sun Aug  2 16:28:37 2020...
